Nov 06, 2018 8:00:36 PM cs601.project3.HTTPRequestHandler <init>
INFO: MyLog
Nov 06, 2018 8:00:36 PM cs601.project3.HTTPRequestHandler read
INFO: Request: 
GET /slackbot?message=ADASKJDJKS HTTP/1.1
Host: localhost:9090
Connection: keep-alive
Cache-Control: max-age=0
Upgrade-Insecure-Requests: 1
User-Agent: Mozilla/5.0 (Windows NT 10.0; Win64; x64) AppleWebKit/537.36 (KHTML, like Gecko) Chrome/70.0.3538.77 Safari/537.36
Accept: text/html,application/xhtml+xml,application/xml;q=0.9,image/webp,image/apng,*/*;q=0.8
Accept-Encoding: gzip, deflate, br
Accept-Language: en-US,en;q=0.9,ko;q=0.8
Cookie: username-localhost-8888="2|1:0|10:1540514123|23:username-localhost-8888|44:MjQ1NTIxYjkxY2FiNGFiNmEwYzY4ZDYzOTNmOGIzZjM=|a51fc1e26d3274ad826dd9d54e4709ef79653b446602f863bb2d1c20c74b6154"; _xsrf=2|c34594d4|e0134031bf0c32049260fb0682f22c24|1540514123

Nov 06, 2018 8:00:36 PM cs601.project3.HTTPResponseHandler <init>
INFO: MyLog
Nov 06, 2018 8:00:36 PM cs601.project3.HTTPResponseHandler respond
INFO: Response: 
HTTP/1.0 200 OK

<html> <head><title>Slack Chat</title></head><body><form enctype='application/x-www-form-urlencoded' action='/slackbot' method='post' >Query: <input type='text' name='message'/><input type='submit' name='submit'/></form></body></html>
